This is pdfTeXk, Version 3.1415926-1.40.9 (Web2C 7.5.7) (format=pdflatex 2011.2.5)  2 MAR 2011 09:11
entering extended mode
 %&-line parsing enabled.
**urdadMetamodel.tex
(./urdadMetamodel.tex
LaTeX2e <2005/12/01>
Babel <v3.8l> and hyphenation patterns for english, usenglishmax, dumylang, noh
yphenation, german-x-2008-06-18, ngerman-x-2008-06-18, german, ngerman, loaded.

! Undefined control sequence.
l.1 \section
            {The URDAD metamodel \label{sec:metamodel}}
? 
! Interruption.
<to be read again> 
                   {
l.1 \section{
             The URDAD metamodel \label{sec:metamodel}}
? x
 
Here is how much of TeX's memory you used:
 5 strings out of 495029
 151 string characters out of 1181522
 45206 words of memory out of 3000000
 3297 multiletter control sequences out of 10000+50000
 3640 words of font info for 14 fonts, out of 3000000 for 5000
 28 hyphenation exceptions out of 8191
 5i,0n,1p,74b,8s stack positions out of 5000i,500n,10000p,200000b,50000s
No pages of output.
PDF statistics:
 0 PDF objects out of 1000 (max. 8388607)
 0 named destinations out of 1000 (max. 131072)
 1 words of extra memory for PDF output out of 10000 (max. 10000000)

